<?xml version="1.0" encoding="UTF-8"?>
<!-- Generated by org.testng.reporters.JUnitReportReporter -->
<testsuite hostname="LPRUHE8142" failures="0" tests="3" name="webTest.SubscriptionPage" time="0.078" errors="0" timestamp="2024-07-11T00:50:06 AST" skipped="0">
  <testcase classname="webTest.SubscriptionPage" name="validateSubscriptionPackages" time="0.012"/>
  <testcase classname="webTest.SubscriptionPage" name="validateSubscriptionPackages" time="0.050"/>
  <testcase classname="webTest.SubscriptionPage" name="validateSubscriptionPackages" time="0.016"/>
</testsuite> <!-- webTest.SubscriptionPage -->
