<?xml version="1.0" encoding="UTF-8"?>
<!-- Generated by org.testng.reporters.JUnitReportReporter -->
<testsuite hostname="LPRUHE8142" failures="0" tests="3" name="webTest.SubscriptionPage" time="0.110" errors="0" timestamp="2024-07-11T01:09:55 AST" skipped="0">
  <testcase classname="webTest.SubscriptionPage" name="validateSubscription" time="0.076"/>
  <testcase classname="webTest.SubscriptionPage" name="validateSubscription" time="0.014"/>
  <testcase classname="webTest.SubscriptionPage" name="validateSubscription" time="0.020"/>
</testsuite> <!-- webTest.SubscriptionPage -->
